<?xml version="1.0" encoding="UTF-8"?>
<!-- Generated by org.testng.reporters.JUnitXMLReporter -->
<testsuite ignored="0" hostname="DESKTOP-93B8F71" failures="2" tests="3" name="Surefire test" time="34.596" errors="0" timestamp="2022-12-24T20:10:38 EST">
  <testcase classname="io.cucumber.testng.AbstractTestNGCucumberTests" name="runScenario" time="22.103">
    <failure type="java.lang.AssertionError" message="expected [Tomato] but found [Beetroot]">
      <![CDATA[java.lang.AssertionError: expected [Tomato] but found [Beetroot]
at stepDefinations.offerpageStepDefination.validate_product_name_in_offer_page_matches_with_landing_page(offerpageStepDefination.java:39)
at ✽.validate product name in offer page matches with landing page(file:///C:/Users/naimt/eclipse-workspace/cucumberframework/src/test/java/features/searchProduct.feature:26)
... Removed 6 stack frames]]>
    </failure>
  </testcase> <!-- runScenario -->
  <testcase classname="io.cucumber.testng.AbstractTestNGCucumberTests" name="runScenario" time="23.164">
    <failure type="java.lang.AssertionError" message="expected [No data] but found [Beetroot]">
      <![CDATA[java.lang.AssertionError: expected [No data] but found [Beetroot]
at stepDefinations.offerpageStepDefination.validate_product_name_in_offer_page_matches_with_landing_page(offerpageStepDefination.java:39)
at ✽.validate product name in offer page matches with landing page(file:///C:/Users/naimt/eclipse-workspace/cucumberframework/src/test/java/features/searchProduct.feature:26)
... Removed 6 stack frames]]>
    </failure>
  </testcase> <!-- runScenario -->
  <testcase classname="io.cucumber.testng.AbstractTestNGCucumberTests" name="runScenario" time="33.111"/>
</testsuite> <!-- Surefire test -->
