<?xml version="1.0" encoding="UTF-8"?>
<!-- Generated by org.testng.reporters.JUnitReportReporter -->
<testsuite hostname="DESKTOP-93B8F71" failures="1" tests="3" name="cucumberOptions.FaildTestRunner2" time="46.942" errors="0" timestamp="2022-12-05T11:41:08 EST" skipped="0">
  <testcase classname="cucumberOptions.FaildTestRunner2" name="runScenario" time="12.294"/>
  <system-out/>
  <testcase classname="cucumberOptions.FaildTestRunner2" name="runScenario" time="12.294">
    <failure message="expected [No data] but found [Tomato]" type="java.lang.AssertionError">
      <![CDATA[java.lang.AssertionError: expected [No data] but found [Tomato]
at org.testng.Assert.fail(Assert.java:110)
at org.testng.Assert.failNotEquals(Assert.java:1413)
at org.testng.Assert.assertEqualsImpl(Assert.java:149)
at org.testng.Assert.assertEquals(Assert.java:131)
at org.testng.Assert.assertEquals(Assert.java:655)
at org.testng.Assert.assertEquals(Assert.java:665)
at stepDefinations.offerpageStepDefination.validate_product_name_in_offer_page_matches_with_landing_page(offerpageStepDefination.java:39)
at âœ½.validate product name in offer page matches with landing page(file:///C:/Users/naimt/eclipse-workspace/cucumberframework/src/test/java/features/searchProduct.feature:26)
]]>
    </failure>
  </testcase> <!-- runScenario -->
  <system-out/>
  <testcase classname="cucumberOptions.FaildTestRunner2" name="runScenario" time="22.354"/>
  <system-out/>
</testsuite> <!-- cucumberOptions.FaildTestRunner2 -->
